<?xml version="1.0" encoding="utf-8"?><testsuites name="pytest tests"><testsuite name="pytest" errors="0" failures="0" skipped="0" tests="10" time="1.741" timestamp="2026-02-12T18:52:50.905651+00:00" hostname="agent-env-1c7668a1-dc17-4a56-bc50-3e91449669f9"><testcase classname="backend.tests.test_referral.TestPricingEndpoint" name="test_pricing_returns_referral_discount_info" time="0.065" /><testcase classname="backend.tests.test_referral.TestReferralValidation" name="test_invalid_referral_code_returns_valid_false" time="0.038" /><testcase classname="backend.tests.test_referral.TestReferralValidation" name="test_valid_referral_code_returns_discount_info" time="0.038" /><testcase classname="backend.tests.test_referral.TestReferralValidation" name="test_referral_code_case_insensitive" time="0.040" /><testcase classname="backend.tests.test_referral.TestCheckoutWithReferral" name="test_checkout_with_valid_referral_applies_discount" time="0.439" /><testcase classname="backend.tests.test_referral.TestCheckoutWithReferral" name="test_checkout_without_referral_full_price" time="0.499" /><testcase classname="backend.tests.test_referral.TestCheckoutWithReferral" name="test_checkout_with_invalid_referral_full_price" time="0.449" /><testcase classname="backend.tests.test_referral.TestProUserReferralCode" name="test_pro_user_has_referral_code_in_auth_me" time="0.045" /><testcase classname="backend.tests.test_referral.TestProUserReferralCode" name="test_pro_user_has_referral_code_in_limits" time="0.040" /><testcase classname="backend.tests.test_referral.TestFreeUserNoReferralCode" name="test_free_user_no_referral_code" time="0.035" /></testsuite></testsuites>