<?xml version="1.0" encoding="utf-8"?><testsuites name="pytest tests"><testsuite name="pytest" errors="0" failures="4" skipped="0" tests="18" time="0.992" timestamp="2026-02-12T18:34:40.676550+00:00" hostname="agent-env-1c7668a1-dc17-4a56-bc50-3e91449669f9"><testcase classname="backend.tests.test_auth_stripe.TestPublicEndpoints" name="test_health_check" time="0.057"><failure message="AssertionError: assert None == 'ok'&#10; +  where None = &lt;built-in method get of dict object at 0xf978cc551f80&gt;('status')&#10; +    where &lt;built-in method get of dict object at 0xf978cc551f80&gt; = {'message': 'Obsidian Cinema API'}.get">backend/tests/test_auth_stripe.py:25: in test_health_check
    assert data.get("status") == "ok"
E   AssertionError: assert None == 'ok'
E    +  where None = &lt;built-in method get of dict object at 0xf978cc551f80&gt;('status')
E    +    where &lt;built-in method get of dict object at 0xf978cc551f80&gt; = {'message': 'Obsidian Cinema API'}.get</failure></testcase><testcase classname="backend.tests.test_auth_stripe.TestPublicEndpoints" name="test_pricing_endpoint" time="0.039" /><testcase classname="backend.tests.test_auth_stripe.TestAuthEndpoints" name="test_auth_me_unauthenticated" time="0.044" /><testcase classname="backend.tests.test_auth_stripe.TestAuthEndpoints" name="test_auth_me_with_invalid_token" time="0.041" /><testcase classname="backend.tests.test_auth_stripe.TestAuthEndpoints" name="test_auth_me_with_valid_token" time="0.036" /><testcase classname="backend.tests.test_auth_stripe.TestAuthEndpoints" name="test_auth_session_missing_session_id" time="0.037" /><testcase classname="backend.tests.test_auth_stripe.TestAuthEndpoints" name="test_auth_session_invalid_session_id" time="0.183" /><testcase classname="backend.tests.test_auth_stripe.TestAuthEndpoints" name="test_auth_logout" time="0.044" /><testcase classname="backend.tests.test_auth_stripe.TestUserLimitsEndpoint" name="test_user_limits_unauthenticated" time="0.040" /><testcase classname="backend.tests.test_auth_stripe.TestUserLimitsEndpoint" name="test_user_limits_authenticated" time="0.035"><failure message="assert 401 == 200&#10; +  where 401 = &lt;Response [401]&gt;.status_code">backend/tests/test_auth_stripe.py:127: in test_user_limits_authenticated
    assert response.status_code == 200
E   assert 401 == 200
E    +  where 401 = &lt;Response [401]&gt;.status_code</failure></testcase><testcase classname="backend.tests.test_auth_stripe.TestStripeEndpoints" name="test_create_checkout_unauthenticated" time="0.034" /><testcase classname="backend.tests.test_auth_stripe.TestStripeEndpoints" name="test_create_checkout_authenticated" time="0.040"><failure message="assert 401 in [200, 400, 500]&#10; +  where 401 = &lt;Response [401]&gt;.status_code">backend/tests/test_auth_stripe.py:180: in test_create_checkout_authenticated
    assert response.status_code in [200, 400, 500]
E   assert 401 in [200, 400, 500]
E    +  where 401 = &lt;Response [401]&gt;.status_code</failure></testcase><testcase classname="backend.tests.test_auth_stripe.TestStripeEndpoints" name="test_checkout_status_unauthenticated" time="0.033" /><testcase classname="backend.tests.test_auth_stripe.TestStripeEndpoints" name="test_checkout_status_invalid_session" time="0.038"><failure message="assert 401 in [404, 500]&#10; +  where 401 = &lt;Response [401]&gt;.status_code">backend/tests/test_auth_stripe.py:196: in test_checkout_status_invalid_session
    assert response.status_code in [404, 500]
E   assert 401 in [404, 500]
E    +  where 401 = &lt;Response [401]&gt;.status_code</failure></testcase><testcase classname="backend.tests.test_auth_stripe.TestProtectedEndpoints" name="test_directories_requires_auth" time="0.036" /><testcase classname="backend.tests.test_auth_stripe.TestProtectedEndpoints" name="test_collections_requires_auth" time="0.040" /><testcase classname="backend.tests.test_auth_stripe.TestProtectedEndpoints" name="test_movies_requires_auth" time="0.036" /><testcase classname="backend.tests.test_auth_stripe.TestConfigEndpoint" name="test_config_returns_settings" time="0.035" /></testsuite></testsuites>