<?xml version="1.0" encoding="utf-8"?><testsuites name="pytest tests"><testsuite name="pytest" errors="0" failures="2" skipped="0" tests="8" time="11.111" timestamp="2026-03-19T17:39:12.567773+00:00" hostname="agent-env-de5f2534-4465-4a32-9da4-e4ad42d0332e"><testcase classname="tests.test_ai_suggestions.TestAISuggestionsEndpoint" name="test_ai_suggestions_with_valid_data" time="0.501"><failure message="AssertionError: Expected 200, got 500: {&quot;detail&quot;:&quot;AI service error: Failed to generate chat completion: litellm.BadRequestError: OpenAIException - Budget has been exceeded! Current cost: 0.0012143999999999998, Max budget: 0.001&quot;}&#10;assert 500 == 200&#10; +  where 500 = &lt;Response [500]&gt;.status_code">tests/test_ai_suggestions.py:92: in test_ai_suggestions_with_valid_data
    assert response.status_code == 200, f"Expected 200, got {response.status_code}: {response.text}"
E   AssertionError: Expected 200, got 500: {"detail":"AI service error: Failed to generate chat completion: litellm.BadRequestError: OpenAIException - Budget has been exceeded! Current cost: 0.0012143999999999998, Max budget: 0.001"}
E   assert 500 == 200
E    +  where 500 = &lt;Response [500]&gt;.status_code</failure></testcase><testcase classname="tests.test_ai_suggestions.TestAISuggestionsEndpoint" name="test_selected_movie_excluded_from_suggestions" time="0.506"><failure message="assert 500 == 200&#10; +  where 500 = &lt;Response [500]&gt;.status_code">tests/test_ai_suggestions.py:129: in test_selected_movie_excluded_from_suggestions
    assert response.status_code == 200
E   assert 500 == 200
E    +  where 500 = &lt;Response [500]&gt;.status_code</failure></testcase><testcase classname="tests.test_ai_suggestions.TestAISuggestionsEndpoint" name="test_single_movie_library_returns_empty_suggestions" time="0.129" /><testcase classname="tests.test_ai_suggestions.TestAISuggestionsEndpoint" name="test_missing_optional_fields_still_works" time="1.019" /><testcase classname="tests.test_ai_suggestions.TestAISuggestionsEndpoint" name="test_response_format_validation" time="3.899" /><testcase classname="tests.test_ai_suggestions.TestAISuggestionsEndpoint" name="test_suggestions_are_from_library" time="2.858" /><testcase classname="tests.test_ai_suggestions.TestAISuggestionsEndpoint" name="test_max_five_suggestions" time="2.024" /><testcase classname="tests.test_ai_suggestions.TestAISuggestionsEndpoint" name="test_empty_library_returns_empty_suggestions" time="0.102" /></testsuite></testsuites>