<?xml version="1.0" encoding="utf-8"?><testsuites name="pytest tests"><testsuite name="pytest" errors="0" failures="0" skipped="0" tests="19" time="2.538" timestamp="2026-03-08T03:25:48.116328+00:00" hostname="agent-env-aa3a9fd3-ff89-4dba-bf44-57bb3f3fb68f"><testcase classname="backend.tests.test_license_api.TestLicenseValidate" name="test_validate_missing_data" time="0.169" /><testcase classname="backend.tests.test_license_api.TestLicenseValidate" name="test_validate_invalid_license_key" time="0.144" /><testcase classname="backend.tests.test_license_api.TestLicenseValidate" name="test_validate_missing_machine_id" time="0.174" /><testcase classname="backend.tests.test_license_api.TestLicenseActivate" name="test_activate_missing_data" time="0.129" /><testcase classname="backend.tests.test_license_api.TestLicenseActivate" name="test_activate_invalid_license_key" time="0.116" /><testcase classname="backend.tests.test_license_api.TestLicenseActivate" name="test_activate_license_key_normalization" time="0.104" /><testcase classname="backend.tests.test_license_api.TestLicenseGenerateRequiresAuth" name="test_generate_without_auth" time="0.115" /><testcase classname="backend.tests.test_license_api.TestLicenseMyLicenseRequiresAuth" name="test_my_license_without_auth" time="0.112" /><testcase classname="backend.tests.test_license_api.TestLicenseDeactivateRequiresAuth" name="test_deactivate_without_auth" time="0.134" /><testcase classname="backend.tests.test_license_api.TestLicenseAPIResponseFormat" name="test_validate_response_format" time="0.125" /><testcase classname="backend.tests.test_license_api.TestLicenseAPIResponseFormat" name="test_activate_response_format" time="0.116" /><testcase classname="backend.tests.test_license_api.TestLicenseKeyFormatValidation" name="test_short_license_key" time="0.107" /><testcase classname="backend.tests.test_license_api.TestLicenseKeyFormatValidation" name="test_special_characters_in_license_key" time="0.108" /><testcase classname="backend.tests.test_license_api.TestLicenseKeyFormatValidation" name="test_whitespace_handling" time="0.125" /><testcase classname="backend.tests.test_license_api.TestLicenseFullWorkflow" name="test_generate_license_for_pro_user" time="0.126" /><testcase classname="backend.tests.test_license_api.TestLicenseFullWorkflow" name="test_generate_license_fails_for_free_user" time="0.120" /><testcase classname="backend.tests.test_license_api.TestLicenseFullWorkflow" name="test_my_license_returns_license_for_pro_user" time="0.108" /><testcase classname="backend.tests.test_license_api.TestLicenseFullWorkflow" name="test_validate_with_valid_license" time="0.118" /><testcase classname="backend.tests.test_license_api.TestLicenseFullWorkflow" name="test_activate_with_valid_license" time="0.115" /></testsuite></testsuites>