<?xml version="1.0" encoding="utf-8"?><testsuites name="pytest tests"><testsuite name="pytest" errors="0" failures="1" skipped="0" tests="18" time="2.115" timestamp="2026-02-12T18:35:31.053724+00:00" hostname="agent-env-1c7668a1-dc17-4a56-bc50-3e91449669f9"><testcase classname="backend.tests.test_auth_stripe.TestPublicEndpoints" name="test_health_check" time="0.075" /><testcase classname="backend.tests.test_auth_stripe.TestPublicEndpoints" name="test_pricing_endpoint" time="0.118" /><testcase classname="backend.tests.test_auth_stripe.TestAuthEndpoints" name="test_auth_me_unauthenticated" time="0.038" /><testcase classname="backend.tests.test_auth_stripe.TestAuthEndpoints" name="test_auth_me_with_invalid_token" time="0.042" /><testcase classname="backend.tests.test_auth_stripe.TestAuthEndpoints" name="test_auth_me_with_valid_token" time="0.048" /><testcase classname="backend.tests.test_auth_stripe.TestAuthEndpoints" name="test_auth_session_missing_session_id" time="0.039" /><testcase classname="backend.tests.test_auth_stripe.TestAuthEndpoints" name="test_auth_session_invalid_session_id" time="0.136" /><testcase classname="backend.tests.test_auth_stripe.TestAuthEndpoints" name="test_auth_logout" time="0.041" /><testcase classname="backend.tests.test_auth_stripe.TestUserLimitsEndpoint" name="test_user_limits_unauthenticated" time="0.047" /><testcase classname="backend.tests.test_auth_stripe.TestUserLimitsEndpoint" name="test_user_limits_authenticated" time="0.048" /><testcase classname="backend.tests.test_auth_stripe.TestStripeEndpoints" name="test_create_checkout_unauthenticated" time="0.034" /><testcase classname="backend.tests.test_auth_stripe.TestStripeEndpoints" name="test_create_checkout_authenticated" time="0.938" /><testcase classname="backend.tests.test_auth_stripe.TestStripeEndpoints" name="test_checkout_status_unauthenticated" time="0.031" /><testcase classname="backend.tests.test_auth_stripe.TestStripeEndpoints" name="test_checkout_status_invalid_session" time="0.226"><failure message="assert 520 in [404, 500]&#10; +  where 520 = &lt;Response [520]&gt;.status_code">backend/tests/test_auth_stripe.py:197: in test_checkout_status_invalid_session
    assert response.status_code in [404, 500]
E   assert 520 in [404, 500]
E    +  where 520 = &lt;Response [520]&gt;.status_code</failure></testcase><testcase classname="backend.tests.test_auth_stripe.TestProtectedEndpoints" name="test_directories_requires_auth" time="0.037" /><testcase classname="backend.tests.test_auth_stripe.TestProtectedEndpoints" name="test_collections_requires_auth" time="0.046" /><testcase classname="backend.tests.test_auth_stripe.TestProtectedEndpoints" name="test_movies_requires_auth" time="0.037" /><testcase classname="backend.tests.test_auth_stripe.TestConfigEndpoint" name="test_config_returns_settings" time="0.032" /></testsuite></testsuites>