<?xml version="1.0" encoding="utf-8"?><testsuites name="pytest tests"><testsuite name="pytest" errors="0" failures="0" skipped="1" tests="12" time="6.725" timestamp="2026-02-25T11:03:03.670936+00:00" hostname="agent-env-1c7668a1-dc17-4a56-bc50-3e91449669f9"><testcase classname="backend.tests.test_free_tier_limits.TestUserLimitsEndpoint" name="test_free_user_limits_returns_correct_values" time="0.146" /><testcase classname="backend.tests.test_free_tier_limits.TestUserLimitsEndpoint" name="test_pro_user_has_no_limits" time="0.121" /><testcase classname="backend.tests.test_free_tier_limits.TestUserLimitsEndpoint" name="test_unauthenticated_user_gets_401" time="0.104" /><testcase classname="backend.tests.test_free_tier_limits.TestCollectionLimits" name="test_free_user_can_create_collection_under_limit" time="0.213" /><testcase classname="backend.tests.test_free_tier_limits.TestCollectionLimits" name="test_free_user_blocked_at_collection_limit" time="0.428" /><testcase classname="backend.tests.test_free_tier_limits.TestCollectionLimits" name="test_pro_user_can_create_unlimited_collections" time="0.109" /><testcase classname="backend.tests.test_free_tier_limits.TestMovieLimits" name="test_scan_returns_skipped_due_to_limit_for_free_user_at_limit" time="0.211" /><testcase classname="backend.tests.test_free_tier_limits.TestMovieLimits" name="test_bulk_add_returns_skipped_due_to_limit_for_free_user" time="0.245" /><testcase classname="backend.tests.test_free_tier_limits.TestMovieLimits" name="test_pro_user_bulk_add_no_limit" time="0.111" /><testcase classname="backend.tests.test_free_tier_limits.TestAddMovieEndpoint" name="test_free_user_blocked_at_movie_limit" time="0.112"><skipped type="pytest.skip" message="Free user not at limit yet (0/30 movies)">/app/backend/tests/test_free_tier_limits.py:299: Free user not at limit yet (0/30 movies)</skipped></testcase><testcase classname="backend.tests.test_free_tier_limits.TestCleanup" name="test_cleanup_test_collections" time="0.446" /><testcase classname="backend.tests.test_free_tier_limits.TestCleanup" name="test_cleanup_test_movies" time="4.406" /></testsuite></testsuites>