<?xml version="1.0" encoding="utf-8"?><testsuites name="pytest tests"><testsuite name="pytest" errors="0" failures="0" skipped="0" tests="5" time="4.602" timestamp="2026-03-20T02:07:22.041132+00:00" hostname="agent-env-de5f2534-4465-4a32-9da4-e4ad42d0332e"><testcase classname="backend.tests.test_download_endpoint.TestWindowsDownloadEndpoint" name="test_download_windows_returns_redirect" time="1.466" /><testcase classname="backend.tests.test_download_endpoint.TestWindowsDownloadEndpoint" name="test_download_windows_redirects_to_github" time="0.247" /><testcase classname="backend.tests.test_download_endpoint.TestWindowsDownloadEndpoint" name="test_download_windows_prefers_exe_extension" time="0.272" /><testcase classname="backend.tests.test_download_endpoint.TestWindowsDownloadEndpoint" name="test_download_windows_with_redirect_follow" time="2.311" /><testcase classname="backend.tests.test_download_endpoint.TestDownloadEndpointErrorHandling" name="test_download_windows_method_not_allowed_post" time="0.127" /></testsuite></testsuites>